rp success  {
  "total": 1,
  "per_page": 15,
  "current_page": 1,
  "last_page": 1,
  "next_page_url": null,
  "prev_page_url": null,
  "from": 1,
  "to": 1,
  "data": [
    {
      "id": 67,
      "created_at": "2017-08-19 23:00:29",
      "updated_at": "2017-08-19 23:00:29",
      "deleted_at": "0000-00-00 00:00:00",
      "url": "http://www.sex.com/videos/?sort=popular&sub=week",
      "type": "",
      "weight": 0,
      "visit_interval": 0,
      "referer": "INIT",
      "belong": "HEALTH",
      "last_reptile_visit_start_at": "0000-00-00 00:00:00",
      "last_reptile_visit_end_at": "0000-00-00 00:00:00"
    }
  ]
}
rp success  {
  "total": 108,
  "per_page": 15,
  "current_page": 1,
  "last_page": 8,
  "next_page_url": "http://k-inner-reptile.404mzk.com/v1/Creator_Url_Controller/query?page=2",
  "prev_page_url": null,
  "from": 1,
  "to": 15,
  "data": [
    {
      "id": 174,
      "created_at": "2017-08-20 12:50:15",
      "updated_at": "2017-08-20 12:50:15",
      "deleted_at": "0000-00-00 00:00:00",
      "url": "http://www.sex.com/video/stream/645027",
      "type": "STATIC",
      "weight": 0,
      "visit_interval": 0,
      "referer": "http://www.sex.com/pin/54891707-a-tight-penetration/",
      "belong": "HEALTH",
      "last_reptile_visit_start_at": "0000-00-00 00:00:00",
      "last_reptile_visit_end_at": "0000-00-00 00:00:00"
    },
    {
      "id": 173,
      "created_at": "2017-08-20 12:50:14",
      "updated_at": "2017-08-20 12:50:14",
      "deleted_at": "0000-00-00 00:00:00",
      "url": "http://www.sex.com/video/stream/632613",
      "type": "STATIC",
      "weight": 0,
      "visit_interval": 0,
      "referer": "http://www.sex.com/pin/54766511-bj/",
      "belong": "HEALTH",
      "last_reptile_visit_start_at": "0000-00-00 00:00:00",
      "last_reptile_visit_end_at": "0000-00-00 00:00:00"
    },
    {
      "id": 172,
      "created_at": "2017-08-20 12:29:59",
      "updated_at": "2017-08-20 12:29:59",
      "deleted_at": "0000-00-00 00:00:00",
      "url": "http://www.sex.com/video/stream/639606",
      "type": "STATIC",
      "weight": 0,
      "visit_interval": 0,
      "referer": "http://www.sex.com/pin/54853209-sexercise-bike/",
      "belong": "HEALTH",
      "last_reptile_visit_start_at": "0000-00-00 00:00:00",
      "last_reptile_visit_end_at": "0000-00-00 00:00:00"
    },
    {
      "id": 171,
      "created_at": "2017-08-20 12:29:04",
      "updated_at": "2017-08-20 12:29:04",
      "deleted_at": "0000-00-00 00:00:00",
      "url": "http://www.sex.com/video/stream/641585",
      "type": "STATIC",
      "weight": 0,
      "visit_interval": 0,
      "referer": "http://www.sex.com/pin/54867441-dying-to-show-you-her-gorgeous-tits/",
      "belong": "HEALTH",
      "last_reptile_visit_start_at": "0000-00-00 00:00:00",
      "last_reptile_visit_end_at": "0000-00-00 00:00:00"
    },
    {
      "id": 170,
      "created_at": "2017-08-20 12:29:03",
      "updated_at": "2017-08-20 12:29:03",
      "deleted_at": "0000-00-00 00:00:00",
      "url": "http://www.sex.com/video/stream/642010/hd",
      "type": "STATIC",
      "weight": 0,
      "visit_interval": 0,
      "referer": "http://www.sex.com/pin/54869978-lick-me-honey-teen-lesbian-girlfriends/",
      "belong": "HEALTH",
      "last_reptile_visit_start_at": "0000-00-00 00:00:00",
      "last_reptile_visit_end_at": "0000-00-00 00:00:00"
    },
    {
      "id": 169,
      "created_at": "2017-08-20 12:29:02",
      "updated_at": "2017-08-20 12:29:02",
      "deleted_at": "0000-00-00 00:00:00",
      "url": "http://www.sex.com/video/stream/633226",
      "type": "STATIC",
      "weight": 0,
      "visit_interval": 0,
      "referer": "http://www.sex.com/pin/54775048-usa/",
      "belong": "HEALTH",
      "last_reptile_visit_start_at": "0000-00-00 00:00:00",
      "last_reptile_visit_end_at": "0000-00-00 00:00:00"
    },
    {
      "id": 168,
      "created_at": "2017-08-20 12:29:01",
      "updated_at": "2017-08-20 12:29:01",
      "deleted_at": "0000-00-00 00:00:00",
      "url": "http://www.sex.com/video/stream/635860",
      "type": "STATIC",
      "weight": 0,
      "visit_interval": 0,
      "referer": "http://www.sex.com/pin/54811302-my-wet-pussy/",
      "belong": "HEALTH",
      "last_reptile_visit_start_at": "0000-00-00 00:00:00",
      "last_reptile_visit_end_at": "0000-00-00 00:00:00"
    },
    {
      "id": 165,
      "created_at": "2017-08-20 12:28:48",
      "updated_at": "2017-08-20 12:28:48",
      "deleted_at": "0000-00-00 00:00:00",
      "url": "http://www.sex.com/video/stream/633501",
      "type": "STATIC",
      "weight": 0,
      "visit_interval": 0,
      "referer": "http://www.sex.com/pin/54779757-mfc-cumshow/",
      "belong": "HEALTH",
      "last_reptile_visit_start_at": "0000-00-00 00:00:00",
      "last_reptile_visit_end_at": "0000-00-00 00:00:00"
    },
    {
      "id": 166,
      "created_at": "2017-08-20 12:28:48",
      "updated_at": "2017-08-20 12:28:48",
      "deleted_at": "0000-00-00 00:00:00",
      "url": "http://www.sex.com/video/stream/632844/hd",
      "type": "STATIC",
      "weight": 0,
      "visit_interval": 0,
      "referer": "http://www.sex.com/pin/54769033-stepmom-and-busty-milf-friend-share-her-stepsons-big-cock/",
      "belong": "HEALTH",
      "last_reptile_visit_start_at": "0000-00-00 00:00:00",
      "last_reptile_visit_end_at": "0000-00-00 00:00:00"
    },
    {
      "id": 167,
      "created_at": "2017-08-20 12:28:48",
      "updated_at": "2017-08-20 12:28:48",
      "deleted_at": "0000-00-00 00:00:00",
      "url": "http://www.sex.com/video/stream/634787",
      "type": "STATIC",
      "weight": 0,
      "visit_interval": 0,
      "referer": "http://www.sex.com/pin/54799481-since-james-deen-comes-home-early-from-work-today-petite/",
      "belong": "HEALTH",
      "last_reptile_visit_start_at": "0000-00-00 00:00:00",
      "last_reptile_visit_end_at": "0000-00-00 00:00:00"
    },
    {
      "id": 164,
      "created_at": "2017-08-20 12:28:44",
      "updated_at": "2017-08-20 12:28:44",
      "deleted_at": "0000-00-00 00:00:00",
      "url": "http://www.sex.com/video/stream/633350",
      "type": "STATIC",
      "weight": 0,
      "visit_interval": 0,
      "referer": "http://www.sex.com/pin/54776610-amateur-cute/",
      "belong": "HEALTH",
      "last_reptile_visit_start_at": "0000-00-00 00:00:00",
      "last_reptile_visit_end_at": "0000-00-00 00:00:00"
    },
    {
      "id": 162,
      "created_at": "2017-08-20 00:32:43",
      "updated_at": "2017-08-20 00:32:43",
      "deleted_at": "0000-00-00 00:00:00",
      "url": "http://www.sex.com/pin/54799481-since-james-deen-comes-home-early-from-work-today-petite/",
      "type": "DETAIL",
      "weight": 0,
      "visit_interval": 0,
      "referer": "http://www.sex.com/videos/?sort=popular&sub=week",
      "belong": "HEALTH",
      "last_reptile_visit_start_at": "0000-00-00 00:00:00",
      "last_reptile_visit_end_at": "0000-00-00 00:00:00"
    },
    {
      "id": 163,
      "created_at": "2017-08-20 00:32:43",
      "updated_at": "2017-08-20 00:32:43",
      "deleted_at": "0000-00-00 00:00:00",
      "url": "http://www.sex.com/pin/54811302-my-wet-pussy/",
      "type": "DETAIL",
      "weight": 0,
      "visit_interval": 0,
      "referer": "http://www.sex.com/videos/?sort=popular&sub=week",
      "belong": "HEALTH",
      "last_reptile_visit_start_at": "0000-00-00 00:00:00",
      "last_reptile_visit_end_at": "0000-00-00 00:00:00"
    },
    {
      "id": 161,
      "created_at": "2017-08-20 00:32:17",
      "updated_at": "2017-08-20 00:32:17",
      "deleted_at": "0000-00-00 00:00:00",
      "url": "http://www.sex.com/pin/54776610-amateur-cute/",
      "type": "DETAIL",
      "weight": 0,
      "visit_interval": 0,
      "referer": "http://www.sex.com/videos/?sort=popular&sub=week",
      "belong": "HEALTH",
      "last_reptile_visit_start_at": "0000-00-00 00:00:00",
      "last_reptile_visit_end_at": "0000-00-00 00:00:00"
    },
    {
      "id": 154,
      "created_at": "2017-08-20 00:31:15",
      "updated_at": "2017-08-20 00:31:15",
      "deleted_at": "0000-00-00 00:00:00",
      "url": "http://www.sex.com/pin/54891707-a-tight-penetration/",
      "type": "DETAIL",
      "weight": 0,
      "visit_interval": 0,
      "referer": "http://www.sex.com/videos/?sort=popular&sub=week",
      "belong": "HEALTH",
      "last_reptile_visit_start_at": "0000-00-00 00:00:00",
      "last_reptile_visit_end_at": "0000-00-00 00:00:00"
    }
  ]
}
http://www.sex.com/pin/54799481-since-james-deen-comes-home-early-from-work-today-petite/ 开始被拉取
http://www.sex.com/pin/54799481-since-james-deen-comes-home-early-from-work-today-petite/ 的类型是: DETAIL
http://www.sex.com/pin/54799481-since-james-deen-comes-home-early-from-work-today-petite/ 捕抓到: /video/stream/634787视频
rp success  {
  "total": 1,
  "per_page": 15,
  "current_page": 1,
  "last_page": 1,
  "next_page_url": null,
  "prev_page_url": null,
  "from": 1,
  "to": 1,
  "data": [
    {
      "id": 167,
      "created_at": "2017-08-20 12:28:48",
      "updated_at": "2017-08-20 12:28:48",
      "deleted_at": "0000-00-00 00:00:00",
      "url": "http://www.sex.com/video/stream/634787",
      "type": "STATIC",
      "weight": 0,
      "visit_interval": 0,
      "referer": "http://www.sex.com/pin/54799481-since-james-deen-comes-home-early-from-work-today-petite/",
      "belong": "HEALTH",
      "last_reptile_visit_start_at": "0000-00-00 00:00:00",
      "last_reptile_visit_end_at": "0000-00-00 00:00:00"
    }
  ]
}
http://www.sex.com/pin/54811302-my-wet-pussy/ 开始被拉取
http://www.sex.com/pin/54811302-my-wet-pussy/ 的类型是: DETAIL
http://www.sex.com/pin/54811302-my-wet-pussy/ 捕抓到: /video/stream/635860视频
rp success  {
  "total": 1,
  "per_page": 15,
  "current_page": 1,
  "last_page": 1,
  "next_page_url": null,
  "prev_page_url": null,
  "from": 1,
  "to": 1,
  "data": [
    {
      "id": 168,
      "created_at": "2017-08-20 12:29:01",
      "updated_at": "2017-08-20 12:29:01",
      "deleted_at": "0000-00-00 00:00:00",
      "url": "http://www.sex.com/video/stream/635860",
      "type": "STATIC",
      "weight": 0,
      "visit_interval": 0,
      "referer": "http://www.sex.com/pin/54811302-my-wet-pussy/",
      "belong": "HEALTH",
      "last_reptile_visit_start_at": "0000-00-00 00:00:00",
      "last_reptile_visit_end_at": "0000-00-00 00:00:00"
    }
  ]
}
http://www.sex.com/pin/54776610-amateur-cute/ 开始被拉取
http://www.sex.com/pin/54776610-amateur-cute/ 的类型是: DETAIL
http://www.sex.com/pin/54776610-amateur-cute/ 捕抓到: /video/stream/633350视频
rp success  {
  "total": 1,
  "per_page": 15,
  "current_page": 1,
  "last_page": 1,
  "next_page_url": null,
  "prev_page_url": null,
  "from": 1,
  "to": 1,
  "data": [
    {
      "id": 164,
      "created_at": "2017-08-20 12:28:44",
      "updated_at": "2017-08-20 12:28:44",
      "deleted_at": "0000-00-00 00:00:00",
      "url": "http://www.sex.com/video/stream/633350",
      "type": "STATIC",
      "weight": 0,
      "visit_interval": 0,
      "referer": "http://www.sex.com/pin/54776610-amateur-cute/",
      "belong": "HEALTH",
      "last_reptile_visit_start_at": "0000-00-00 00:00:00",
      "last_reptile_visit_end_at": "0000-00-00 00:00:00"
    }
  ]
}
http://www.sex.com/pin/54891707-a-tight-penetration/ 开始被拉取
http://www.sex.com/pin/54891707-a-tight-penetration/ 的类型是: DETAIL
http://www.sex.com/pin/54891707-a-tight-penetration/ 捕抓到: /video/stream/645027视频
rp success  {
  "total": 1,
  "per_page": 15,
  "current_page": 1,
  "last_page": 1,
  "next_page_url": null,
  "prev_page_url": null,
  "from": 1,
  "to": 1,
  "data": [
    {
      "id": 174,
      "created_at": "2017-08-20 12:50:15",
      "updated_at": "2017-08-20 12:50:15",
      "deleted_at": "0000-00-00 00:00:00",
      "url": "http://www.sex.com/video/stream/645027",
      "type": "STATIC",
      "weight": 0,
      "visit_interval": 0,
      "referer": "http://www.sex.com/pin/54891707-a-tight-penetration/",
      "belong": "HEALTH",
      "last_reptile_visit_start_at": "0000-00-00 00:00:00",
      "last_reptile_visit_end_at": "0000-00-00 00:00:00"
    }
  ]
}
